生成启动时间为 2015/1/19 15:46:57。
     1>项目“C:\Users\Administrator\Desktop\大四上\数据库原理\SQL\MiniSQL2.vcxproj”在节点 2 上(Build 个目标)。
     1>ClCompile:
         D:\Program Files\Microsoft Visual Studio 11.0\VC\bin\CL.exe /c /ZI /nologo /W3 /WX- /Od /Oy- /D WIN32 /D _DEBUG /D _CONSOLE /D _UNICODE /D UNICODE /Gm /EHsc /RTC1 /MDd /GS /fp:precise /Zc:wchar_t /Zc:forScope /Fo"Debug\\" /Fd"Debug\vc110.pdb" /FR"Debug\\" /Gd /TP /analyze- /errorReport:prompt AddKey.cpp CStudentAdapter.cpp main.cpp socketServe.cpp tb_courseInfo.cpp tb_qinshi.cpp tb_student.cpp tb_StuScore.cpp tb_teaccourse.cpp tb_teacher.cpp tb_xi.cpp
         tb_xi.cpp
     1>c:\users\administrator\desktop\大四上\数据库原理\sql\tb_xi.cpp(40): warning C4244: “初始化”: 从“std::streamoff”转换到“int”，可能丢失数据
     1>c:\users\administrator\desktop\大四上\数据库原理\sql\tb_xi.cpp(42): warning C4244: “初始化”: 从“std::streamoff”转换到“int”，可能丢失数据
         tb_teacher.cpp
     1>c:\users\administrator\desktop\大四上\数据库原理\sql\tb_teacher.cpp(28): warning C4244: “初始化”: 从“std::streamoff”转换到“int”，可能丢失数据
     1>c:\users\administrator\desktop\大四上\数据库原理\sql\tb_teacher.cpp(30): warning C4244: “初始化”: 从“std::streamoff”转换到“int”，可能丢失数据
         tb_teaccourse.cpp
     1>c:\users\administrator\desktop\大四上\数据库原理\sql\tb_teaccourse.cpp(35): warning C4996: 'sprintf': This function or variable may be unsafe. Consider using sprintf_s instead. To disable deprecation, use _CRT_SECURE_NO_WARNINGS. See online help for details.
                 d:\program files\microsoft visual studio 11.0\vc\include\stdio.h(357) : 参见“sprintf”的声明
         tb_StuScore.cpp
     1>c:\users\administrator\desktop\大四上\数据库原理\sql\tb_stuscore.cpp(100): warning C4996: 'strcpy': This function or variable may be unsafe. Consider using strcpy_s instead. To disable deprecation, use _CRT_SECURE_NO_WARNINGS. See online help for details.
                 d:\program files\microsoft visual studio 11.0\vc\include\string.h(110) : 参见“strcpy”的声明
     1>c:\users\administrator\desktop\大四上\数据库原理\sql\tb_stuscore.cpp(147): warning C4996: 'strcpy': This function or variable may be unsafe. Consider using strcpy_s instead. To disable deprecation, use _CRT_SECURE_NO_WARNINGS. See online help for details.
                 d:\program files\microsoft visual studio 11.0\vc\include\string.h(110) : 参见“strcpy”的声明
     1>c:\users\administrator\desktop\大四上\数据库原理\sql\tb_stuscore.cpp(152): warning C4244: “=”: 从“double”转换到“float”，可能丢失数据
     1>c:\users\administrator\desktop\大四上\数据库原理\sql\tb_stuscore.cpp(166): warning C4244: “=”: 从“double”转换到“float”，可能丢失数据
     1>c:\users\administrator\desktop\大四上\数据库原理\sql\tb_stuscore.cpp(244): warning C4996: 'strcpy': This function or variable may be unsafe. Consider using strcpy_s instead. To disable deprecation, use _CRT_SECURE_NO_WARNINGS. See online help for details.
                 d:\program files\microsoft visual studio 11.0\vc\include\string.h(110) : 参见“strcpy”的声明
     1>c:\users\administrator\desktop\大四上\数据库原理\sql\tb_stuscore.cpp(273): warning C4996: 'strcpy': This function or variable may be unsafe. Consider using strcpy_s instead. To disable deprecation, use _CRT_SECURE_NO_WARNINGS. See online help for details.
                 d:\program files\microsoft visual studio 11.0\vc\include\string.h(110) : 参见“strcpy”的声明
     1>c:\users\administrator\desktop\大四上\数据库原理\sql\tb_stuscore.cpp(279): warning C4996: 'strcat': This function or variable may be unsafe. Consider using strcat_s instead. To disable deprecation, use _CRT_SECURE_NO_WARNINGS. See online help for details.
                 d:\program files\microsoft visual studio 11.0\vc\include\string.h(115) : 参见“strcat”的声明
     1>c:\users\administrator\desktop\大四上\数据库原理\sql\tb_stuscore.cpp(280): warning C4996: 'strcat': This function or variable may be unsafe. Consider using strcat_s instead. To disable deprecation, use _CRT_SECURE_NO_WARNINGS. See online help for details.
                 d:\program files\microsoft visual studio 11.0\vc\include\string.h(115) : 参见“strcat”的声明
     1>c:\users\administrator\desktop\大四上\数据库原理\sql\tb_stuscore.cpp(285): warning C4996: 'strcpy': This function or variable may be unsafe. Consider using strcpy_s instead. To disable deprecation, use _CRT_SECURE_NO_WARNINGS. See online help for details.
                 d:\program files\microsoft visual studio 11.0\vc\include\string.h(110) : 参见“strcpy”的声明
     1>c:\users\administrator\desktop\大四上\数据库原理\sql\tb_stuscore.cpp(287): warning C4996: 'strcat': This function or variable may be unsafe. Consider using strcat_s instead. To disable deprecation, use _CRT_SECURE_NO_WARNINGS. See online help for details.
                 d:\program files\microsoft visual studio 11.0\vc\include\string.h(115) : 参见“strcat”的声明
         tb_student.cpp
     1>c:\users\administrator\desktop\大四上\数据库原理\sql\tb_student.cpp(115): warning C4244: “初始化”: 从“std::streamoff”转换到“int”，可能丢失数据
     1>c:\users\administrator\desktop\大四上\数据库原理\sql\tb_student.cpp(117): warning C4244: “初始化”: 从“std::streamoff”转换到“int”，可能丢失数据
     1>c:\users\administrator\desktop\大四上\数据库原理\sql\tb_student.cpp(164): warning C4244: “=”: 从“std::streamoff”转换到“int”，可能丢失数据
     1>c:\users\administrator\desktop\大四上\数据库原理\sql\tb_student.cpp(220): warning C4996: 'itoa': The POSIX name for this item is deprecated. Instead, use the ISO C++ conformant name: _itoa. See online help for details.
                 d:\program files\microsoft visual studio 11.0\vc\include\stdlib.h(909) : 参见“itoa”的声明
         tb_qinshi.cpp
         tb_courseInfo.cpp
     1>c:\users\administrator\desktop\大四上\数据库原理\sql\tb_courseinfo.cpp(40): warning C4996: 'strcpy': This function or variable may be unsafe. Consider using strcpy_s instead. To disable deprecation, use _CRT_SECURE_NO_WARNINGS. See online help for details.
                 d:\program files\microsoft visual studio 11.0\vc\include\string.h(110) : 参见“strcpy”的声明
     1>c:\users\administrator\desktop\大四上\数据库原理\sql\tb_courseinfo.cpp(43): warning C4996: 'strcpy': This function or variable may be unsafe. Consider using strcpy_s instead. To disable deprecation, use _CRT_SECURE_NO_WARNINGS. See online help for details.
                 d:\program files\microsoft visual studio 11.0\vc\include\string.h(110) : 参见“strcpy”的声明
     1>c:\users\administrator\desktop\大四上\数据库原理\sql\tb_courseinfo.cpp(49): warning C4996: 'strcpy': This function or variable may be unsafe. Consider using strcpy_s instead. To disable deprecation, use _CRT_SECURE_NO_WARNINGS. See online help for details.
                 d:\program files\microsoft visual studio 11.0\vc\include\string.h(110) : 参见“strcpy”的声明
     1>c:\users\administrator\desktop\大四上\数据库原理\sql\tb_courseinfo.cpp(56): warning C4018: “<”: 有符号/无符号不匹配
     1>c:\users\administrator\desktop\大四上\数据库原理\sql\tb_courseinfo.cpp(76): warning C4996: 'strcpy': This function or variable may be unsafe. Consider using strcpy_s instead. To disable deprecation, use _CRT_SECURE_NO_WARNINGS. See online help for details.
                 d:\program files\microsoft visual studio 11.0\vc\include\string.h(110) : 参见“strcpy”的声明
         socketServe.cpp
     1>c:\users\administrator\desktop\大四上\数据库原理\sql\socketserve.cpp(49): warning C4996: 'strcpy': This function or variable may be unsafe. Consider using strcpy_s instead. To disable deprecation, use _CRT_SECURE_NO_WARNINGS. See online help for details.
                 d:\program files\microsoft visual studio 11.0\vc\include\string.h(110) : 参见“strcpy”的声明
     1>c:\users\administrator\desktop\大四上\数据库原理\sql\socketserve.cpp(61): warning C4996: 'strcpy': This function or variable may be unsafe. Consider using strcpy_s instead. To disable deprecation, use _CRT_SECURE_NO_WARNINGS. See online help for details.
                 d:\program files\microsoft visual studio 11.0\vc\include\string.h(110) : 参见“strcpy”的声明
         main.cpp
         CStudentAdapter.cpp
         AddKey.cpp
     1>c:\users\administrator\desktop\大四上\数据库原理\sql\addkey.cpp(24): warning C4244: “初始化”: 从“std::streamoff”转换到“int”，可能丢失数据
     1>c:\users\administrator\desktop\大四上\数据库原理\sql\addkey.cpp(42): warning C4244: “=”: 从“std::streamoff”转换到“int”，可能丢失数据
     1>c:\users\administrator\desktop\大四上\数据库原理\sql\addkey.cpp(113): warning C4018: “<”: 有符号/无符号不匹配
     1>c:\users\administrator\desktop\大四上\数据库原理\sql\addkey.cpp(129): warning C4018: “<”: 有符号/无符号不匹配
     1>c:\users\administrator\desktop\大四上\数据库原理\sql\addkey.cpp(137): warning C4018: “<”: 有符号/无符号不匹配
     1>c:\users\administrator\desktop\大四上\数据库原理\sql\addkey.cpp(153): warning C4018: “<”: 有符号/无符号不匹配
     1>c:\users\administrator\desktop\大四上\数据库原理\sql\addkey.cpp(193): warning C4018: “<”: 有符号/无符号不匹配
         正在生成代码...
     1>c:\users\administrator\desktop\大四上\数据库原理\sql\tb_courseinfo.cpp(114): warning C4715: “tb_courseInfo::getTreeHigh”: 不是所有的控件路径都返回值
       Link:
         D:\Program Files\Microsoft Visual Studio 11.0\VC\bin\link.exe /ERRORREPORT:PROMPT /OUT:"C:\Users\Administrator\Desktop\大四上\数据库原理\SQL\Debug\MiniSQL.exe" /INCREMENTAL /NOLOGO kernel32.lib user32.lib gdi32.lib winspool.lib comdlg32.lib advapi32.lib shell32.lib ole32.lib oleaut32.lib uuid.lib odbc32.lib odbccp32.lib /MANIFEST /MANIFESTUAC:"level='asInvoker' uiAccess='false'" /manifest:embed /DEBUG /PDB:"C:\Users\Administrator\Desktop\大四上\数据库原理\SQL\Debug\MiniSQL.pdb" /SUBSYSTEM:CONSOLE /TLBID:1 /DYNAMICBASE /NXCOMPAT /IMPLIB:"C:\Users\Administrator\Desktop\大四上\数据库原理\SQL\Debug\MiniSQL.lib" /MACHINE:X86 Debug\AddKey.obj
         Debug\CStudentAdapter.obj
         Debug\main.obj
         Debug\socketServe.obj
         Debug\tb_courseInfo.obj
         Debug\tb_qinshi.obj
         Debug\tb_student.obj
         Debug\tb_StuScore.obj
         Debug\tb_teaccourse.obj
         Debug\tb_teacher.obj
         Debug\tb_xi.obj
         MiniSQL2.vcxproj -> C:\Users\Administrator\Desktop\大四上\数据库原理\SQL\Debug\MiniSQL.exe
       BscMake:
         D:\Program Files\Microsoft Visual Studio 11.0\VC\bin\bscmake.exe /nologo /o"C:\Users\Administrator\Desktop\大四上\数据库原理\SQL\Debug\MiniSQL.bsc" /n Debug\AddKey.sbr Debug\CStudentAdapter.sbr Debug\main.sbr Debug\socketServe.sbr Debug\tb_courseInfo.sbr Debug\tb_qinshi.sbr Debug\tb_student.sbr Debug\tb_StuScore.sbr Debug\tb_teaccourse.sbr Debug\tb_teacher.sbr Debug\tb_xi.sbr
     1>已完成生成项目“C:\Users\Administrator\Desktop\大四上\数据库原理\SQL\MiniSQL2.vcxproj”(Build 个目标)的操作。

生成成功。

已用时间 00:00:48.77
